<?xml version="1.0" encoding="UTF-8"?>
<testsuite xmlns:xsi="http://www.w3.org/2001/XMLSchema-instance" xsi:noNamespaceSchemaLocation="https://maven.apache.org/surefire/maven-surefire-plugin/xsd/surefire-test-report.xsd" name="com.bajajTest.UserCreationTest" time="4.931" tests="9" errors="0" skipped="0" failures="7">
  <properties>
[...]
</properties>
  <testcase name="testValidUserCreationWithSpecialCharacters" classname="com.bajajTest.UserCreationTest" time="1.64">
    <failure message="expected: &lt;201&gt; but was: &lt;400&gt;" type="org.opentest4j.AssertionFailedError"><![CDATA[org.opentest4j.AssertionFailedError: expected: <201> but was: <400>
	at com.bajajTest.UserCreationTest.testValidUserCreationWithSpecialCharacters(UserCreationTest.java:86)
]]></failure>
  </testcase>
  <testcase name="testInvalidEmailFormat" classname="com.bajajTest.UserCreationTest" time="0.219">
    <failure message="expected: &lt;400&gt; but was: &lt;500&gt;" type="org.opentest4j.AssertionFailedError"><![CDATA[org.opentest4j.AssertionFailedError: expected: <400> but was: <500>
	at com.bajajTest.UserCreationTest.testInvalidEmailFormat(UserCreationTest.java:78)
]]></failure>
  </testcase>
  <testcase name="testDuplicateEmailId" classname="com.bajajTest.UserCreationTest" time="1.012">
    <failure message="expected: &lt;true&gt; but was: &lt;false&gt;" type="org.opentest4j.AssertionFailedError"><![CDATA[org.opentest4j.AssertionFailedError: expected: <true> but was: <false>
	at com.bajajTest.UserCreationTest.testDuplicateEmailId(UserCreationTest.java:71)
]]></failure>
  </testcase>
  <testcase name="testUserCreationWithMinimalFields" classname="com.bajajTest.UserCreationTest" time="0.198">
    <failure message="expected: &lt;201&gt; but was: &lt;400&gt;" type="org.opentest4j.AssertionFailedError"><![CDATA[org.opentest4j.AssertionFailedError: expected: <201> but was: <400>
	at com.bajajTest.UserCreationTest.testUserCreationWithMinimalFields(UserCreationTest.java:94)
]]></failure>
  </testcase>
  <testcase name="testInvalidPhoneNumberFormat" classname="com.bajajTest.UserCreationTest" time="0.213"/>
  <testcase name="testValidUserCreation" classname="com.bajajTest.UserCreationTest" time="0.182">
    <failure message="expected: &lt;201&gt; but was: &lt;400&gt;" type="org.opentest4j.AssertionFailedError"><![CDATA[org.opentest4j.AssertionFailedError: expected: <201> but was: <400>
	at com.bajajTest.UserCreationTest.testValidUserCreation(UserCreationTest.java:36)
]]></failure>
  </testcase>
  <testcase name="testValidUserCreationWithBoundaryValues" classname="com.bajajTest.UserCreationTest" time="0.194">
    <failure message="expected: &lt;201&gt; but was: &lt;400&gt;" type="org.opentest4j.AssertionFailedError"><![CDATA[org.opentest4j.AssertionFailedError: expected: <201> but was: <400>
	at com.bajajTest.UserCreationTest.testValidUserCreationWithBoundaryValues(UserCreationTest.java:44)
]]></failure>
  </testcase>
  <testcase name="testUserCreationWithLongEmail" classname="com.bajajTest.UserCreationTest" time="0.209">
    <failure message="expected: &lt;201&gt; but was: &lt;400&gt;" type="org.opentest4j.AssertionFailedError"><![CDATA[org.opentest4j.AssertionFailedError: expected: <201> but was: <400>
	at com.bajajTest.UserCreationTest.testUserCreationWithLongEmail(UserCreationTest.java:102)
]]></failure>
  </testcase>
  <testcase name="testDuplicatePhoneNumber" classname="com.bajajTest.UserCreationTest" time="0.376"/>
</testsuite>